<?xml version="1.0" encoding="UTF-8"?>
<testsuite name="example.InvokeTest" tests="1" skipped="0" failures="0" errors="0" timestamp="2020-05-22T23:27:43" hostname="Jigars-MacBook-Air.local" time="0.099">
  <properties/>
  <testcase name="invokeTest()" classname="example.InvokeTest" time="0.099"/>
  <system-out><![CDATA[]]></system-out>
  <system-err><![CDATA[]]></system-err>
</testsuite>
